{"/Users/ihdharnurhadyan/Documents/binarAcademy/sandbox/app.js": {"path":"/Users/ihdharnurhadyan/Documents/binarAcademy/sandbox/app.js","all":false,"statementMap":{"0":{"start":{"line":1,"column":0},"end":{"line":1,"column":41}},"1":{"start":{"line":2,"column":0},"end":{"line":2,"column":33}},"2":{"start":{"line":3,"column":0},"end":{"line":3,"column":27}},"3":{"start":{"line":4,"column":0},"end":{"line":4,"column":44}},"4":{"start":{"line":5,"column":0},"end":{"line":5,"column":31}},"5":{"start":{"line":6,"column":0},"end":{"line":6,"column":0}},"6":{"start":{"line":7,"column":0},"end":{"line":7,"column":44}},"7":{"start":{"line":8,"column":0},"end":{"line":8,"column":44}},"8":{"start":{"line":9,"column":0},"end":{"line":9,"column":0}},"9":{"start":{"line":10,"column":0},"end":{"line":10,"column":20}},"10":{"start":{"line":11,"column":0},"end":{"line":11,"column":0}},"11":{"start":{"line":12,"column":0},"end":{"line":12,"column":20}},"12":{"start":{"line":13,"column":0},"end":{"line":13,"column":48}},"13":{"start":{"line":14,"column":0},"end":{"line":14,"column":31}},"14":{"start":{"line":15,"column":0},"end":{"line":15,"column":0}},"15":{"start":{"line":16,"column":0},"end":{"line":16,"column":23}},"16":{"start":{"line":17,"column":0},"end":{"line":17,"column":24}},"17":{"start":{"line":18,"column":0},"end":{"line":18,"column":49}},"18":{"start":{"line":19,"column":0},"end":{"line":19,"column":24}},"19":{"start":{"line":20,"column":0},"end":{"line":20,"column":56}},"20":{"start":{"line":21,"column":0},"end":{"line":21,"column":0}},"21":{"start":{"line":22,"column":0},"end":{"line":22,"column":26}},"22":{"start":{"line":23,"column":0},"end":{"line":23,"column":31}},"23":{"start":{"line":24,"column":0},"end":{"line":24,"column":0}},"24":{"start":{"line":25,"column":0},"end":{"line":25,"column":41}},"25":{"start":{"line":26,"column":0},"end":{"line":26,"column":34}},"26":{"start":{"line":27,"column":0},"end":{"line":27,"column":25}},"27":{"start":{"line":28,"column":0},"end":{"line":28,"column":3}},"28":{"start":{"line":29,"column":0},"end":{"line":29,"column":0}},"29":{"start":{"line":30,"column":0},"end":{"line":30,"column":16}},"30":{"start":{"line":31,"column":0},"end":{"line":31,"column":39}},"31":{"start":{"line":32,"column":0},"end":{"line":32,"column":52}},"32":{"start":{"line":33,"column":0},"end":{"line":33,"column":35}},"33":{"start":{"line":34,"column":0},"end":{"line":34,"column":69}},"34":{"start":{"line":35,"column":0},"end":{"line":35,"column":0}},"35":{"start":{"line":36,"column":0},"end":{"line":36,"column":26}},"36":{"start":{"line":37,"column":0},"end":{"line":37,"column":32}},"37":{"start":{"line":38,"column":0},"end":{"line":38,"column":22}},"38":{"start":{"line":39,"column":0},"end":{"line":39,"column":3}},"39":{"start":{"line":40,"column":0},"end":{"line":40,"column":0}},"40":{"start":{"line":41,"column":0},"end":{"line":41,"column":21}}},"s":{"0":1,"1":1,"2":1,"3":1,"4":1,"5":1,"6":1,"7":1,"8":1,"9":1,"10":1,"11":1,"12":1,"13":1,"14":1,"15":1,"16":1,"17":1,"18":1,"19":1,"20":1,"21":1,"22":1,"23":1,"24":1,"25":1,"26":0,"27":0,"28":1,"29":1,"30":1,"31":0,"32":0,"33":0,"34":0,"35":0,"36":0,"37":0,"38":0,"39":1,"40":1},"branchMap":{},"b":{},"fnMap":{},"f":{}}
,"/Users/ihdharnurhadyan/Documents/binarAcademy/sandbox/controllers/indexControllers.js": {"path":"/Users/ihdharnurhadyan/Documents/binarAcademy/sandbox/controllers/indexControllers.js","all":false,"statementMap":{"0":{"start":{"line":1,"column":0},"end":{"line":1,"column":0}},"1":{"start":{"line":2,"column":0},"end":{"line":2,"column":46}},"2":{"start":{"line":3,"column":0},"end":{"line":3,"column":61}},"3":{"start":{"line":4,"column":0},"end":{"line":4,"column":67}},"4":{"start":{"line":5,"column":0},"end":{"line":5,"column":25}},"5":{"start":{"line":6,"column":0},"end":{"line":6,"column":32}},"6":{"start":{"line":7,"column":0},"end":{"line":7,"column":23}},"7":{"start":{"line":8,"column":0},"end":{"line":8,"column":5}},"8":{"start":{"line":9,"column":0},"end":{"line":9,"column":52}},"9":{"start":{"line":10,"column":0},"end":{"line":10,"column":42}},"10":{"start":{"line":11,"column":0},"end":{"line":11,"column":67}},"11":{"start":{"line":12,"column":0},"end":{"line":12,"column":13}},"12":{"start":{"line":13,"column":0},"end":{"line":13,"column":80}},"13":{"start":{"line":14,"column":0},"end":{"line":14,"column":51}},"14":{"start":{"line":15,"column":0},"end":{"line":15,"column":67}},"15":{"start":{"line":16,"column":0},"end":{"line":16,"column":25}},"16":{"start":{"line":17,"column":0},"end":{"line":17,"column":39}},"17":{"start":{"line":18,"column":0},"end":{"line":18,"column":47}},"18":{"start":{"line":19,"column":0},"end":{"line":19,"column":9}},"19":{"start":{"line":20,"column":0},"end":{"line":20,"column":5}},"20":{"start":{"line":21,"column":0},"end":{"line":21,"column":0}},"21":{"start":{"line":22,"column":0},"end":{"line":22,"column":44}},"22":{"start":{"line":23,"column":0},"end":{"line":23,"column":42}},"23":{"start":{"line":24,"column":0},"end":{"line":24,"column":13}},"24":{"start":{"line":25,"column":0},"end":{"line":25,"column":89}},"25":{"start":{"line":26,"column":0},"end":{"line":26,"column":45}},"26":{"start":{"line":27,"column":0},"end":{"line":27,"column":27}},"27":{"start":{"line":28,"column":0},"end":{"line":28,"column":61}},"28":{"start":{"line":29,"column":0},"end":{"line":29,"column":25}},"29":{"start":{"line":30,"column":0},"end":{"line":30,"column":45}},"30":{"start":{"line":31,"column":0},"end":{"line":31,"column":27}},"31":{"start":{"line":32,"column":0},"end":{"line":32,"column":9}},"32":{"start":{"line":33,"column":0},"end":{"line":33,"column":5}},"33":{"start":{"line":34,"column":0},"end":{"line":34,"column":1}},"34":{"start":{"line":35,"column":0},"end":{"line":35,"column":0}},"35":{"start":{"line":36,"column":0},"end":{"line":36,"column":34}}},"s":{"0":1,"1":1,"2":1,"3":1,"4":1,"5":1,"6":1,"7":1,"8":1,"9":3,"10":3,"11":3,"12":3,"13":3,"14":3,"15":3,"16":3,"17":3,"18":3,"19":3,"20":1,"21":1,"22":4,"23":4,"24":4,"25":4,"26":4,"27":4,"28":4,"29":3,"30":3,"31":3,"32":4,"33":1,"34":1,"35":1},"branchMap":{"0":{"type":"branch","line":6,"loc":{"start":{"line":6,"column":11},"end":{"line":8,"column":5}},"locations":[{"start":{"line":6,"column":11},"end":{"line":8,"column":5}}]},"1":{"type":"branch","line":9,"loc":{"start":{"line":9,"column":41},"end":{"line":20,"column":5}},"locations":[{"start":{"line":9,"column":41},"end":{"line":20,"column":5}}]},"2":{"type":"branch","line":22,"loc":{"start":{"line":22,"column":33},"end":{"line":33,"column":5}},"locations":[{"start":{"line":22,"column":33},"end":{"line":33,"column":5}}]},"3":{"type":"branch","line":29,"loc":{"start":{"line":29,"column":10},"end":{"line":32,"column":9}},"locations":[{"start":{"line":29,"column":10},"end":{"line":32,"column":9}}]}},"b":{"0":[1],"1":[3],"2":[4],"3":[3]},"fnMap":{"0":{"name":"testingGet","decl":{"start":{"line":6,"column":11},"end":{"line":8,"column":5}},"loc":{"start":{"line":6,"column":11},"end":{"line":8,"column":5}},"line":6},"1":{"name":"testingLoginFirebaseAuth","decl":{"start":{"line":9,"column":41},"end":{"line":20,"column":5}},"loc":{"start":{"line":9,"column":41},"end":{"line":20,"column":5}},"line":9},"2":{"name":"registerFirebase","decl":{"start":{"line":22,"column":33},"end":{"line":33,"column":5}},"loc":{"start":{"line":22,"column":33},"end":{"line":33,"column":5}},"line":22}},"f":{"0":1,"1":3,"2":4}}
,"/Users/ihdharnurhadyan/Documents/binarAcademy/sandbox/routes/index.js": {"path":"/Users/ihdharnurhadyan/Documents/binarAcademy/sandbox/routes/index.js","all":false,"statementMap":{"0":{"start":{"line":1,"column":0},"end":{"line":1,"column":33}},"1":{"start":{"line":2,"column":0},"end":{"line":2,"column":30}},"2":{"start":{"line":3,"column":0},"end":{"line":3,"column":66}},"3":{"start":{"line":4,"column":0},"end":{"line":4,"column":0}},"4":{"start":{"line":5,"column":0},"end":{"line":5,"column":20}},"5":{"start":{"line":6,"column":0},"end":{"line":6,"column":46}},"6":{"start":{"line":7,"column":0},"end":{"line":7,"column":66}},"7":{"start":{"line":8,"column":0},"end":{"line":8,"column":60}},"8":{"start":{"line":9,"column":0},"end":{"line":9,"column":0}},"9":{"start":{"line":10,"column":0},"end":{"line":10,"column":24}}},"s":{"0":1,"1":1,"2":1,"3":1,"4":1,"5":1,"6":1,"7":1,"8":1,"9":1},"branchMap":{},"b":{},"fnMap":{},"f":{}}
,"/Users/ihdharnurhadyan/Documents/binarAcademy/sandbox/routes/users.js": {"path":"/Users/ihdharnurhadyan/Documents/binarAcademy/sandbox/routes/users.js","all":false,"statementMap":{"0":{"start":{"line":1,"column":0},"end":{"line":1,"column":33}},"1":{"start":{"line":2,"column":0},"end":{"line":2,"column":30}},"2":{"start":{"line":3,"column":0},"end":{"line":3,"column":0}},"3":{"start":{"line":4,"column":0},"end":{"line":4,"column":24}},"4":{"start":{"line":5,"column":0},"end":{"line":5,"column":42}},"5":{"start":{"line":6,"column":0},"end":{"line":6,"column":38}},"6":{"start":{"line":7,"column":0},"end":{"line":7,"column":3}},"7":{"start":{"line":8,"column":0},"end":{"line":8,"column":0}},"8":{"start":{"line":9,"column":0},"end":{"line":9,"column":24}}},"s":{"0":1,"1":1,"2":1,"3":1,"4":1,"5":0,"6":0,"7":1,"8":1},"branchMap":{},"b":{},"fnMap":{},"f":{}}
,"/Users/ihdharnurhadyan/Documents/binarAcademy/sandbox/services/firebase.js": {"path":"/Users/ihdharnurhadyan/Documents/binarAcademy/sandbox/services/firebase.js","all":false,"statementMap":{"0":{"start":{"line":1,"column":0},"end":{"line":1,"column":55}},"1":{"start":{"line":2,"column":0},"end":{"line":2,"column":51}},"2":{"start":{"line":3,"column":0},"end":{"line":3,"column":45}},"3":{"start":{"line":4,"column":0},"end":{"line":4,"column":53}},"4":{"start":{"line":5,"column":0},"end":{"line":5,"column":51}},"5":{"start":{"line":6,"column":0},"end":{"line":6,"column":60}},"6":{"start":{"line":7,"column":0},"end":{"line":7,"column":65}},"7":{"start":{"line":8,"column":0},"end":{"line":8,"column":0}},"8":{"start":{"line":9,"column":0},"end":{"line":9,"column":40}},"9":{"start":{"line":10,"column":0},"end":{"line":10,"column":24}},"10":{"start":{"line":11,"column":0},"end":{"line":11,"column":52}},"11":{"start":{"line":12,"column":0},"end":{"line":12,"column":52}},"12":{"start":{"line":13,"column":0},"end":{"line":13,"column":96}},"13":{"start":{"line":14,"column":0},"end":{"line":14,"column":35}},"14":{"start":{"line":15,"column":0},"end":{"line":15,"column":51}},"15":{"start":{"line":16,"column":0},"end":{"line":16,"column":36}},"16":{"start":{"line":17,"column":0},"end":{"line":17,"column":52}},"17":{"start":{"line":18,"column":0},"end":{"line":18,"column":2}},"18":{"start":{"line":19,"column":0},"end":{"line":19,"column":0}},"19":{"start":{"line":20,"column":0},"end":{"line":20,"column":22}},"20":{"start":{"line":21,"column":0},"end":{"line":21,"column":42}},"21":{"start":{"line":22,"column":0},"end":{"line":22,"column":25}},"22":{"start":{"line":23,"column":0},"end":{"line":23,"column":27}},"23":{"start":{"line":24,"column":0},"end":{"line":24,"column":31}},"24":{"start":{"line":25,"column":0},"end":{"line":25,"column":0}},"25":{"start":{"line":26,"column":0},"end":{"line":26,"column":18}},"26":{"start":{"line":27,"column":0},"end":{"line":27,"column":9}},"27":{"start":{"line":28,"column":0},"end":{"line":28,"column":7}},"28":{"start":{"line":29,"column":0},"end":{"line":29,"column":11}},"29":{"start":{"line":30,"column":0},"end":{"line":30,"column":1}}},"s":{"0":1,"1":1,"2":1,"3":1,"4":1,"5":1,"6":1,"7":1,"8":1,"9":1,"10":1,"11":1,"12":1,"13":1,"14":1,"15":1,"16":1,"17":1,"18":1,"19":1,"20":1,"21":1,"22":1,"23":1,"24":1,"25":1,"26":1,"27":1,"28":1,"29":1},"branchMap":{},"b":{},"fnMap":{},"f":{}}
}
